<?xml version="1.0" encoding="UTF-8"?>
<!-- Generated by org.testng.reporters.JUnitXMLReporter -->
<testsuite hostname="DESKTOP-BN0SG4N" ignored="0" name="3" tests="1" failures="1" timestamp="2021-08-16T10:28:58 EDT" time="25.523" errors="0">
  <testcase name="browserTestGoogleSearch" time="11.578" classname="selenium.simple_browser_tests.FirefoxTest">
    <failure type="org.openqa.selenium.WebDriverException" message="[Exception... &amp;quot;Data conversion failed because significant data would be lost&amp;quot;  nsresult: &amp;quot;0x80460003 (NS_ERROR_LOSS_OF_SIGNIFICANT_DATA)&amp;quot;  location: &amp;quot;&amp;lt;unknown&amp;gt;&amp;quot;  data: no]
Build info: version: &amp;apos;3.141.59&amp;apos;, revision: &amp;apos;e82be7d358&amp;apos;, time: &amp;apos;2018-11-14T08:17:03&amp;apos;
System info: host: &amp;apos;DESKTOP-BN0SG4N&amp;apos;, ip: &amp;apos;192.168.56.1&amp;apos;, os.name: &amp;apos;Windows 10&amp;apos;, os.arch: &amp;apos;amd64&amp;apos;, os.version: &amp;apos;10.0&amp;apos;, java.version: &amp;apos;1.8.0_162&amp;apos;
Driver info: org.openqa.selenium.remote.RemoteWebDriver
Capabilities {acceptInsecureCerts: false, agentName: UK-SELWIN, browserName: firefox, browserVersion: 83.0, javascriptEnabled: true, moz:accessibilityChecks: false, moz:buildID: 20201112153044, moz:geckodriverVersion: 0.28.0, moz:headless: false, moz:processID: 6600, moz:profile: C:\Users\uscloud\AppData\Lo..., moz:shutdownTimeout: 60000, moz:useNonSpecCompliantPointerOrigin: false, moz:webdriverClick: true, pageLoadStrategy: normal, platform: WINDOWS, platformName: WINDOWS, platformVersion: 10.0, reportUrl: https://uscloud.experitest...., rotatable: false, sessionId: 84de4776-dff0-464f-8611-512..., setWindowRect: true, strictFileInteractability: false, timeouts: {implicit: 0, pageLoad: 300000, script: 30000}, unhandledPromptBehavior: dismiss and notify, viewUrl: https://ukregion.experitest..., webdriver.remote.sessionid: 84de4776-dff0-464f-8611-512...}
Session ID: 84de4776-dff0-464f-8611-512afe45063f">
      <![CDATA[org.openqa.selenium.WebDriverException: [Exception... "Data conversion failed because significant data would be lost"  nsresult: "0x80460003 (NS_ERROR_LOSS_OF_SIGNIFICANT_DATA)"  location: "<unknown>"  data: no]
Build info: version: '3.141.59', revision: 'e82be7d358', time: '2018-11-14T08:17:03'
System info: host: 'DESKTOP-BN0SG4N', ip: '192.168.56.1', os.name: 'Windows 10', os.arch: 'amd64', os.version: '10.0', java.version: '1.8.0_162'
Driver info: org.openqa.selenium.remote.RemoteWebDriver
Capabilities {acceptInsecureCerts: false, agentName: UK-SELWIN, browserName: firefox, browserVersion: 83.0, javascriptEnabled: true, moz:accessibilityChecks: false, moz:buildID: 20201112153044, moz:geckodriverVersion: 0.28.0, moz:headless: false, moz:processID: 6600, moz:profile: C:\Users\uscloud\AppData\Lo..., moz:shutdownTimeout: 60000, moz:useNonSpecCompliantPointerOrigin: false, moz:webdriverClick: true, pageLoadStrategy: normal, platform: WINDOWS, platformName: WINDOWS, platformVersion: 10.0, reportUrl: https://uscloud.experitest...., rotatable: false, sessionId: 84de4776-dff0-464f-8611-512..., setWindowRect: true, strictFileInteractability: false, timeouts: {implicit: 0, pageLoad: 300000, script: 30000}, unhandledPromptBehavior: dismiss and notify, viewUrl: https://ukregion.experitest..., webdriver.remote.sessionid: 84de4776-dff0-464f-8611-512...}
Session ID: 84de4776-dff0-464f-8611-512afe45063f
at org.openqa.selenium.remote.http.W3CHttpResponseCodec.createException(W3CHttpResponseCodec.java:187)
at org.openqa.selenium.remote.http.W3CHttpResponseCodec.decode(W3CHttpResponseCodec.java:122)
at org.openqa.selenium.remote.http.W3CHttpResponseCodec.decode(W3CHttpResponseCodec.java:49)
at org.openqa.selenium.remote.HttpCommandExecutor.execute(HttpCommandExecutor.java:158)
at org.openqa.selenium.remote.RemoteWebDriver.execute(RemoteWebDriver.java:552)
at org.openqa.selenium.remote.RemoteWebElement.execute(RemoteWebElement.java:285)
at org.openqa.selenium.remote.RemoteWebElement.sendKeys(RemoteWebElement.java:106)
at selenium.simple_browser_tests.FirefoxTest.browserTestGoogleSearch(FirefoxTest.java:41)
at java.util.ArrayList.forEach(ArrayList.java:1257)
at java.util.concurrent.FutureTask.run(FutureTask.java:266)
at java.util.concurrent.ThreadPoolExecutor.runWorker(ThreadPoolExecutor.java:1149)
at java.util.concurrent.ThreadPoolExecutor$Worker.run(ThreadPoolExecutor.java:624)
at java.lang.Thread.run(Thread.java:748)
... Removed 22 stack frames]]>
    </failure>
  </testcase> <!-- browserTestGoogleSearch -->
</testsuite> <!-- 3 -->
