<?xml version="1.0" encoding="UTF-8"?>
<testng-results skipped="0" failed="2" ignored="0" total="5" passed="3">
  <reporter-output>
  </reporter-output>
  <suite name="Test Automation" duration-ms="237969" started-at="2021-08-16T10:28:32 EDT" finished-at="2021-08-16T10:32:30 EDT">
    <groups>
    </groups>
    <test name="5" duration-ms="14728" started-at="2021-08-16T10:28:32 EDT" finished-at="2021-08-16T10:28:47 EDT">
      <class name="selenium.simple_browser_tests.SafariTest">
        <test-method status="PASS" signature="setUp(java.lang.reflect.Method)[pri:0, instance:selenium.simple_browser_tests.SafariTest@27f723]" name="setUp" is-config="true" duration-ms="7670" started-at="2021-08-16T10:28:33 EDT" finished-at="2021-08-16T10:28:40 EDT">
          <params>
            <param index="0">
              <value>
                <![CDATA[public void selenium.simple_browser_tests.SafariTest.browserTestGoogleSearch()]]>
              </value>
            </param>
          </params>
          <reporter-output>
          </reporter-output>
        </test-method> <!-- setUp -->
        <test-method status="FAIL" signature="browserTestGoogleSearch()[pri:0, instance:selenium.simple_browser_tests.SafariTest@27f723]" name="browserTestGoogleSearch" duration-ms="4582" started-at="2021-08-16T10:28:40 EDT" finished-at="2021-08-16T10:28:45 EDT">
          <exception class="org.openqa.selenium.WebDriverException">
            <message>
              <![CDATA[
Build info: version: '3.141.59', revision: 'e82be7d358', time: '2018-11-14T08:17:03'
System info: host: 'DESKTOP-BN0SG4N', ip: '192.168.56.1', os.name: 'Windows 10', os.arch: 'amd64', os.version: '10.0', java.version: '1.8.0_162'
Driver info: org.openqa.selenium.remote.RemoteWebDriver
Capabilities {acceptInsecureCerts: false, agentName: UKdemo-Selmac-Phy-Catalina, browserName: safari, browserVersion: 13.1.3, javascriptEnabled: true, platform: MAC, platformName: MAC, reportUrl: https://uscloud.experitest...., safari:automaticInspection: false, safari:automaticProfiling: false, safari:diagnose: false, safari:platformBuildVersion: 19H2, safari:platformVersion: 10.15.7, safari:useSimulator: false, sessionId: 864A5B3A-DCCE-4521-AB1C-4E4..., setWindowRect: true, strictFileInteractability: false, viewUrl: https://ukregion.experitest..., webkit:WebRTC: {DisableICECandidateFiltering: false, DisableInsecureMediaCapture: false}}
Session ID: 864A5B3A-DCCE-4521-AB1C-4E47DD2148E5]]>
            </message>
            <full-stacktrace>
              <![CDATA[org.openqa.selenium.WebDriverException: 
Build info: version: '3.141.59', revision: 'e82be7d358', time: '2018-11-14T08:17:03'
System info: host: 'DESKTOP-BN0SG4N', ip: '192.168.56.1', os.name: 'Windows 10', os.arch: 'amd64', os.version: '10.0', java.version: '1.8.0_162'
Driver info: org.openqa.selenium.remote.RemoteWebDriver
Capabilities {acceptInsecureCerts: false, agentName: UKdemo-Selmac-Phy-Catalina, browserName: safari, browserVersion: 13.1.3, javascriptEnabled: true, platform: MAC, platformName: MAC, reportUrl: https://uscloud.experitest...., safari:automaticInspection: false, safari:automaticProfiling: false, safari:diagnose: false, safari:platformBuildVersion: 19H2, safari:platformVersion: 10.15.7, safari:useSimulator: false, sessionId: 864A5B3A-DCCE-4521-AB1C-4E4..., setWindowRect: true, strictFileInteractability: false, viewUrl: https://ukregion.experitest..., webkit:WebRTC: {DisableICECandidateFiltering: false, DisableInsecureMediaCapture: false}}
Session ID: 864A5B3A-DCCE-4521-AB1C-4E47DD2148E5
at sun.reflect.NativeConstructorAccessorImpl.newInstance0(Native Method)
at sun.reflect.NativeConstructorAccessorImpl.newInstance(NativeConstructorAccessorImpl.java:62)
at sun.reflect.DelegatingConstructorAccessorImpl.newInstance(DelegatingConstructorAccessorImpl.java:45)
at java.lang.reflect.Constructor.newInstance(Constructor.java:423)
at org.openqa.selenium.remote.http.W3CHttpResponseCodec.createException(W3CHttpResponseCodec.java:187)
at org.openqa.selenium.remote.http.W3CHttpResponseCodec.decode(W3CHttpResponseCodec.java:122)
at org.openqa.selenium.remote.http.W3CHttpResponseCodec.decode(W3CHttpResponseCodec.java:49)
at org.openqa.selenium.remote.HttpCommandExecutor.execute(HttpCommandExecutor.java:158)
at org.openqa.selenium.remote.RemoteWebDriver.execute(RemoteWebDriver.java:552)
at org.openqa.selenium.remote.RemoteWebElement.execute(RemoteWebElement.java:285)
at org.openqa.selenium.remote.RemoteWebElement.click(RemoteWebElement.java:84)
at selenium.simple_browser_tests.SafariTest.browserTestGoogleSearch(SafariTest.java:39)
at sun.reflect.NativeMethodAccessorImpl.invoke0(Native Method)
at sun.reflect.NativeMethodAccessorImpl.invoke(NativeMethodAccessorImpl.java:62)
at sun.reflect.DelegatingMethodAccessorImpl.invoke(DelegatingMethodAccessorImpl.java:43)
at java.lang.reflect.Method.invoke(Method.java:498)
at org.testng.internal.MethodInvocationHelper.invokeMethod(MethodInvocationHelper.java:133)
at org.testng.internal.TestInvoker.invokeMethod(TestInvoker.java:598)
at org.testng.internal.TestInvoker.invokeTestMethod(TestInvoker.java:173)
at org.testng.internal.MethodRunner.runInSequence(MethodRunner.java:46)
at org.testng.internal.TestInvoker$MethodInvocationAgent.invoke(TestInvoker.java:824)
at org.testng.internal.TestInvoker.invokeTestMethods(TestInvoker.java:146)
at org.testng.internal.TestMethodWorker.invokeTestMethods(TestMethodWorker.java:146)
at org.testng.internal.TestMethodWorker.run(TestMethodWorker.java:128)
at java.util.ArrayList.forEach(ArrayList.java:1257)
at org.testng.TestRunner.privateRun(TestRunner.java:794)
at org.testng.TestRunner.run(TestRunner.java:596)
at org.testng.SuiteRunner.runTest(SuiteRunner.java:377)
at org.testng.SuiteRunner.access$000(SuiteRunner.java:28)
at org.testng.SuiteRunner$SuiteWorker.run(SuiteRunner.java:418)
at org.testng.internal.thread.ThreadUtil.lambda$execute$0(ThreadUtil.java:64)
at java.util.concurrent.FutureTask.run(FutureTask.java:266)
at java.util.concurrent.ThreadPoolExecutor.runWorker(ThreadPoolExecutor.java:1149)
at java.util.concurrent.ThreadPoolExecutor$Worker.run(ThreadPoolExecutor.java:624)
at java.lang.Thread.run(Thread.java:748)
]]>
            </full-stacktrace>
          </exception> <!-- org.openqa.selenium.WebDriverException -->
          <reporter-output>
          </reporter-output>
        </test-method> <!-- browserTestGoogleSearch -->
        <test-method status="PASS" signature="tearDown()[pri:0, instance:selenium.simple_browser_tests.SafariTest@27f723]" name="tearDown" is-config="true" duration-ms="2419" started-at="2021-08-16T10:28:45 EDT" finished-at="2021-08-16T10:28:47 EDT">
          <reporter-output>
          </reporter-output>
        </test-method> <!-- tearDown -->
      </class> <!-- selenium.simple_browser_tests.SafariTest -->
    </test> <!-- 5 -->
    <test name="3" duration-ms="25523" started-at="2021-08-16T10:28:32 EDT" finished-at="2021-08-16T10:28:58 EDT">
      <class name="selenium.simple_browser_tests.FirefoxTest">
        <test-method status="PASS" signature="setUp(java.lang.reflect.Method)[pri:0, instance:selenium.simple_browser_tests.FirefoxTest@45820e51]" name="setUp" is-config="true" duration-ms="9655" started-at="2021-08-16T10:28:33 EDT" finished-at="2021-08-16T10:28:42 EDT">
          <params>
            <param index="0">
              <value>
                <![CDATA[public void selenium.simple_browser_tests.FirefoxTest.browserTestGoogleSearch()]]>
              </value>
            </param>
          </params>
          <reporter-output>
          </reporter-output>
        </test-method> <!-- setUp -->
        <test-method status="FAIL" signature="browserTestGoogleSearch()[pri:0, instance:selenium.simple_browser_tests.FirefoxTest@45820e51]" name="browserTestGoogleSearch" duration-ms="11578" started-at="2021-08-16T10:28:42 EDT" finished-at="2021-08-16T10:28:54 EDT">
          <exception class="org.openqa.selenium.WebDriverException">
            <message>
              <![CDATA[[Exception... "Data conversion failed because significant data would be lost"  nsresult: "0x80460003 (NS_ERROR_LOSS_OF_SIGNIFICANT_DATA)"  location: "<unknown>"  data: no]
Build info: version: '3.141.59', revision: 'e82be7d358', time: '2018-11-14T08:17:03'
System info: host: 'DESKTOP-BN0SG4N', ip: '192.168.56.1', os.name: 'Windows 10', os.arch: 'amd64', os.version: '10.0', java.version: '1.8.0_162'
Driver info: org.openqa.selenium.remote.RemoteWebDriver
Capabilities {acceptInsecureCerts: false, agentName: UK-SELWIN, browserName: firefox, browserVersion: 83.0, javascriptEnabled: true, moz:accessibilityChecks: false, moz:buildID: 20201112153044, moz:geckodriverVersion: 0.28.0, moz:headless: false, moz:processID: 6600, moz:profile: C:\Users\uscloud\AppData\Lo..., moz:shutdownTimeout: 60000, moz:useNonSpecCompliantPointerOrigin: false, moz:webdriverClick: true, pageLoadStrategy: normal, platform: WINDOWS, platformName: WINDOWS, platformVersion: 10.0, reportUrl: https://uscloud.experitest...., rotatable: false, sessionId: 84de4776-dff0-464f-8611-512..., setWindowRect: true, strictFileInteractability: false, timeouts: {implicit: 0, pageLoad: 300000, script: 30000}, unhandledPromptBehavior: dismiss and notify, viewUrl: https://ukregion.experitest..., webdriver.remote.sessionid: 84de4776-dff0-464f-8611-512...}
Session ID: 84de4776-dff0-464f-8611-512afe45063f]]>
            </message>
            <full-stacktrace>
              <![CDATA[org.openqa.selenium.WebDriverException: [Exception... "Data conversion failed because significant data would be lost"  nsresult: "0x80460003 (NS_ERROR_LOSS_OF_SIGNIFICANT_DATA)"  location: "<unknown>"  data: no]
Build info: version: '3.141.59', revision: 'e82be7d358', time: '2018-11-14T08:17:03'
System info: host: 'DESKTOP-BN0SG4N', ip: '192.168.56.1', os.name: 'Windows 10', os.arch: 'amd64', os.version: '10.0', java.version: '1.8.0_162'
Driver info: org.openqa.selenium.remote.RemoteWebDriver
Capabilities {acceptInsecureCerts: false, agentName: UK-SELWIN, browserName: firefox, browserVersion: 83.0, javascriptEnabled: true, moz:accessibilityChecks: false, moz:buildID: 20201112153044, moz:geckodriverVersion: 0.28.0, moz:headless: false, moz:processID: 6600, moz:profile: C:\Users\uscloud\AppData\Lo..., moz:shutdownTimeout: 60000, moz:useNonSpecCompliantPointerOrigin: false, moz:webdriverClick: true, pageLoadStrategy: normal, platform: WINDOWS, platformName: WINDOWS, platformVersion: 10.0, reportUrl: https://uscloud.experitest...., rotatable: false, sessionId: 84de4776-dff0-464f-8611-512..., setWindowRect: true, strictFileInteractability: false, timeouts: {implicit: 0, pageLoad: 300000, script: 30000}, unhandledPromptBehavior: dismiss and notify, viewUrl: https://ukregion.experitest..., webdriver.remote.sessionid: 84de4776-dff0-464f-8611-512...}
Session ID: 84de4776-dff0-464f-8611-512afe45063f
at sun.reflect.NativeConstructorAccessorImpl.newInstance0(Native Method)
at sun.reflect.NativeConstructorAccessorImpl.newInstance(NativeConstructorAccessorImpl.java:62)
at sun.reflect.DelegatingConstructorAccessorImpl.newInstance(DelegatingConstructorAccessorImpl.java:45)
at java.lang.reflect.Constructor.newInstance(Constructor.java:423)
at org.openqa.selenium.remote.http.W3CHttpResponseCodec.createException(W3CHttpResponseCodec.java:187)
at org.openqa.selenium.remote.http.W3CHttpResponseCodec.decode(W3CHttpResponseCodec.java:122)
at org.openqa.selenium.remote.http.W3CHttpResponseCodec.decode(W3CHttpResponseCodec.java:49)
at org.openqa.selenium.remote.HttpCommandExecutor.execute(HttpCommandExecutor.java:158)
at org.openqa.selenium.remote.RemoteWebDriver.execute(RemoteWebDriver.java:552)
at org.openqa.selenium.remote.RemoteWebElement.execute(RemoteWebElement.java:285)
at org.openqa.selenium.remote.RemoteWebElement.sendKeys(RemoteWebElement.java:106)
at selenium.simple_browser_tests.FirefoxTest.browserTestGoogleSearch(FirefoxTest.java:41)
at sun.reflect.NativeMethodAccessorImpl.invoke0(Native Method)
at sun.reflect.NativeMethodAccessorImpl.invoke(NativeMethodAccessorImpl.java:62)
at sun.reflect.DelegatingMethodAccessorImpl.invoke(DelegatingMethodAccessorImpl.java:43)
at java.lang.reflect.Method.invoke(Method.java:498)
at org.testng.internal.MethodInvocationHelper.invokeMethod(MethodInvocationHelper.java:133)
at org.testng.internal.TestInvoker.invokeMethod(TestInvoker.java:598)
at org.testng.internal.TestInvoker.invokeTestMethod(TestInvoker.java:173)
at org.testng.internal.MethodRunner.runInSequence(MethodRunner.java:46)
at org.testng.internal.TestInvoker$MethodInvocationAgent.invoke(TestInvoker.java:824)
at org.testng.internal.TestInvoker.invokeTestMethods(TestInvoker.java:146)
at org.testng.internal.TestMethodWorker.invokeTestMethods(TestMethodWorker.java:146)
at org.testng.internal.TestMethodWorker.run(TestMethodWorker.java:128)
at java.util.ArrayList.forEach(ArrayList.java:1257)
at org.testng.TestRunner.privateRun(TestRunner.java:794)
at org.testng.TestRunner.run(TestRunner.java:596)
at org.testng.SuiteRunner.runTest(SuiteRunner.java:377)
at org.testng.SuiteRunner.access$000(SuiteRunner.java:28)
at org.testng.SuiteRunner$SuiteWorker.run(SuiteRunner.java:418)
at org.testng.internal.thread.ThreadUtil.lambda$execute$0(ThreadUtil.java:64)
at java.util.concurrent.FutureTask.run(FutureTask.java:266)
at java.util.concurrent.ThreadPoolExecutor.runWorker(ThreadPoolExecutor.java:1149)
at java.util.concurrent.ThreadPoolExecutor$Worker.run(ThreadPoolExecutor.java:624)
at java.lang.Thread.run(Thread.java:748)
]]>
            </full-stacktrace>
          </exception> <!-- org.openqa.selenium.WebDriverException -->
          <reporter-output>
          </reporter-output>
        </test-method> <!-- browserTestGoogleSearch -->
        <test-method status="PASS" signature="tearDown()[pri:0, instance:selenium.simple_browser_tests.FirefoxTest@45820e51]" name="tearDown" is-config="true" duration-ms="4243" started-at="2021-08-16T10:28:54 EDT" finished-at="2021-08-16T10:28:58 EDT">
          <reporter-output>
          </reporter-output>
        </test-method> <!-- tearDown -->
      </class> <!-- selenium.simple_browser_tests.FirefoxTest -->
    </test> <!-- 3 -->
    <test name="1" duration-ms="71300" started-at="2021-08-16T10:28:32 EDT" finished-at="2021-08-16T10:29:44 EDT">
      <class name="selenium.simple_browser_tests.ChromeTest">
        <test-method status="PASS" signature="setUp(java.lang.reflect.Method)[pri:0, instance:selenium.simple_browser_tests.ChromeTest@15d0c81b]" name="setUp" is-config="true" duration-ms="15826" started-at="2021-08-16T10:28:33 EDT" finished-at="2021-08-16T10:28:48 EDT">
          <params>
            <param index="0">
              <value>
                <![CDATA[public void selenium.simple_browser_tests.ChromeTest.browserTestGoogleSearch()]]>
              </value>
            </param>
          </params>
          <reporter-output>
          </reporter-output>
        </test-method> <!-- setUp -->
        <test-method status="PASS" signature="browserTestGoogleSearch()[pri:0, instance:selenium.simple_browser_tests.ChromeTest@15d0c81b]" name="browserTestGoogleSearch" duration-ms="52317" started-at="2021-08-16T10:28:48 EDT" finished-at="2021-08-16T10:29:41 EDT">
          <reporter-output>
          </reporter-output>
        </test-method> <!-- browserTestGoogleSearch -->
        <test-method status="PASS" signature="tearDown()[pri:0, instance:selenium.simple_browser_tests.ChromeTest@15d0c81b]" name="tearDown" is-config="true" duration-ms="3110" started-at="2021-08-16T10:29:41 EDT" finished-at="2021-08-16T10:29:44 EDT">
          <reporter-output>
          </reporter-output>
        </test-method> <!-- tearDown -->
      </class> <!-- selenium.simple_browser_tests.ChromeTest -->
    </test> <!-- 1 -->
    <test name="2" duration-ms="74270" started-at="2021-08-16T10:28:32 EDT" finished-at="2021-08-16T10:29:47 EDT">
      <class name="selenium.simple_browser_tests.EdgeTest">
        <test-method status="PASS" signature="setUp(java.lang.reflect.Method)[pri:0, instance:selenium.simple_browser_tests.EdgeTest@1500955a]" name="setUp" is-config="true" duration-ms="6359" started-at="2021-08-16T10:28:33 EDT" finished-at="2021-08-16T10:28:39 EDT">
          <params>
            <param index="0">
              <value>
                <![CDATA[public void selenium.simple_browser_tests.EdgeTest.browserTestGoogleSearch()]]>
              </value>
            </param>
          </params>
          <reporter-output>
          </reporter-output>
        </test-method> <!-- setUp -->
        <test-method status="PASS" signature="browserTestGoogleSearch()[pri:0, instance:selenium.simple_browser_tests.EdgeTest@1500955a]" name="browserTestGoogleSearch" duration-ms="64487" started-at="2021-08-16T10:28:39 EDT" finished-at="2021-08-16T10:29:43 EDT">
          <reporter-output>
          </reporter-output>
        </test-method> <!-- browserTestGoogleSearch -->
        <test-method status="PASS" signature="tearDown()[pri:0, instance:selenium.simple_browser_tests.EdgeTest@1500955a]" name="tearDown" is-config="true" duration-ms="3376" started-at="2021-08-16T10:29:43 EDT" finished-at="2021-08-16T10:29:47 EDT">
          <reporter-output>
          </reporter-output>
        </test-method> <!-- tearDown -->
      </class> <!-- selenium.simple_browser_tests.EdgeTest -->
    </test> <!-- 2 -->
    <test name="4" duration-ms="237969" started-at="2021-08-16T10:28:32 EDT" finished-at="2021-08-16T10:32:30 EDT">
      <class name="selenium.simple_browser_tests.IETest">
        <test-method status="PASS" signature="setUp(java.lang.reflect.Method)[pri:0, instance:selenium.simple_browser_tests.IETest@5bfbf16f]" name="setUp" is-config="true" duration-ms="114754" started-at="2021-08-16T10:28:33 EDT" finished-at="2021-08-16T10:30:27 EDT">
          <params>
            <param index="0">
              <value>
                <![CDATA[public void selenium.simple_browser_tests.IETest.browserTestGoogleSearch()]]>
              </value>
            </param>
          </params>
          <reporter-output>
          </reporter-output>
        </test-method> <!-- setUp -->
        <test-method status="PASS" signature="browserTestGoogleSearch()[pri:0, instance:selenium.simple_browser_tests.IETest@5bfbf16f]" name="browserTestGoogleSearch" duration-ms="110556" started-at="2021-08-16T10:30:27 EDT" finished-at="2021-08-16T10:32:18 EDT">
          <reporter-output>
          </reporter-output>
        </test-method> <!-- browserTestGoogleSearch -->
        <test-method status="PASS" signature="tearDown()[pri:0, instance:selenium.simple_browser_tests.IETest@5bfbf16f]" name="tearDown" is-config="true" duration-ms="12612" started-at="2021-08-16T10:32:18 EDT" finished-at="2021-08-16T10:32:30 EDT">
          <reporter-output>
          </reporter-output>
        </test-method> <!-- tearDown -->
      </class> <!-- selenium.simple_browser_tests.IETest -->
    </test> <!-- 4 -->
  </suite> <!-- Test Automation -->
</testng-results>
